<?xml version="1.0" encoding="UTF-8"?>
<!-- Generated by org.testng.reporters.JUnitReportReporter -->
<testsuite skipped="0" hostname="DESKTOP-3SL4LUB" name="testcases.AnotherTest" tests="1" failures="0" timestamp="02 Sep 2018 07:05:22 GMT" time="0.003" errors="0">
  <testcase name="secondTest" time="0.003" classname="testcases.AnotherTest"/>
</testsuite> <!-- testcases.AnotherTest -->
