<?xml version="1.0" encoding="UTF-8"?>
<!-- Generated by org.testng.reporters.JUnitReportReporter -->
<testsuite skipped="0" hostname="MacBook-Pro.local" name="testcases.Another" tests="1" failures="0" timestamp="25 Aug 2019 09:21:37 GMT" time="0.000" errors="0">
  <testcase name="secondTest" time="0.000" classname="testcases.Another"/>
</testsuite> <!-- testcases.Another -->
